0 info it worked if it ends with ok
1 verbose cli [ 'C:\\Program Files\\nodejs\\\\node.exe',
1 verbose cli   'C:\\Program Files\\nodejs\\node_modules\\npm\\bin\\npm-cli.js',
1 verbose cli   'install',
1 verbose cli   'angular-lodash',
1 verbose cli   '-save' ]
2 info using npm@1.4.28
3 info using node@v0.10.33
4 verbose node symlink C:\Program Files\nodejs\\node.exe
5 warn package.json opendata@0.0.1 No repository field.
6 warn package.json opendata@0.0.1 No README data
7 verbose readDependencies using package.json deps
8 verbose cache add [ 'angular-lodash', null ]
9 verbose cache add name=undefined spec="angular-lodash" args=["angular-lodash",null]
10 verbose parsed url { protocol: null,
10 verbose parsed url   slashes: null,
10 verbose parsed url   auth: null,
10 verbose parsed url   host: null,
10 verbose parsed url   port: null,
10 verbose parsed url   hostname: null,
10 verbose parsed url   hash: null,
10 verbose parsed url   search: null,
10 verbose parsed url   query: null,
10 verbose parsed url   pathname: 'angular-lodash',
10 verbose parsed url   path: 'angular-lodash',
10 verbose parsed url   href: 'angular-lodash' }
11 silly lockFile 3afdce9e-angular-lodash angular-lodash
12 verbose lock angular-lodash C:\Users\user\AppData\Roaming\npm-cache\3afdce9e-angular-lodash.lock
13 silly lockFile 3afdce9e-angular-lodash angular-lodash
14 silly lockFile 3afdce9e-angular-lodash angular-lodash
15 verbose addNamed [ 'angular-lodash', '' ]
16 verbose addNamed [ null, '*' ]
17 silly lockFile 502f836e-angular-lodash angular-lodash@
18 verbose lock angular-lodash@ C:\Users\user\AppData\Roaming\npm-cache\502f836e-angular-lodash.lock
19 silly addNameRange { name: 'angular-lodash', range: '*', hasData: false }
20 verbose request where is /angular-lodash
21 verbose request registry https://registry.npmjs.org/
22 verbose request id b81a95505d44ac2a
23 verbose url raw /angular-lodash
24 verbose url resolving [ 'https://registry.npmjs.org/', './angular-lodash' ]
25 verbose url resolved https://registry.npmjs.org/angular-lodash
26 verbose request where is https://registry.npmjs.org/angular-lodash
27 info trying registry request attempt 1 at 16:49:09
28 http GET https://registry.npmjs.org/angular-lodash
29 http 404 https://registry.npmjs.org/angular-lodash
30 verbose headers { date: 'Wed, 25 Mar 2015 16:49:12 GMT',
30 verbose headers   server: 'CouchDB/1.5.0 (Erlang OTP/R16B03)',
30 verbose headers   'content-type': 'application/json',
30 verbose headers   'cache-control': 'max-age=0',
30 verbose headers   'content-length': '51',
30 verbose headers   'accept-ranges': 'bytes',
30 verbose headers   via: '1.1 varnish',
30 verbose headers   age: '0',
30 verbose headers   'x-served-by': 'cache-ams4124-AMS',
30 verbose headers   'x-cache': 'MISS',
30 verbose headers   'x-cache-hits': '0',
30 verbose headers   'x-timer': 'S1427302152.201075,VS0,VE389',
30 verbose headers   'keep-alive': 'timeout=10, max=50',
30 verbose headers   connection: 'Keep-Alive' }
31 silly registry.get cb [ 404,
31 silly registry.get   { date: 'Wed, 25 Mar 2015 16:49:12 GMT',
31 silly registry.get     server: 'CouchDB/1.5.0 (Erlang OTP/R16B03)',
31 silly registry.get     'content-type': 'application/json',
31 silly registry.get     'cache-control': 'max-age=0',
31 silly registry.get     'content-length': '51',
31 silly registry.get     'accept-ranges': 'bytes',
31 silly registry.get     via: '1.1 varnish',
31 silly registry.get     age: '0',
31 silly registry.get     'x-served-by': 'cache-ams4124-AMS',
31 silly registry.get     'x-cache': 'MISS',
31 silly registry.get     'x-cache-hits': '0',
31 silly registry.get     'x-timer': 'S1427302152.201075,VS0,VE389',
31 silly registry.get     'keep-alive': 'timeout=10, max=50',
31 silly registry.get     connection: 'Keep-Alive' } ]
32 silly lockFile 502f836e-angular-lodash angular-lodash@
33 silly lockFile 502f836e-angular-lodash angular-lodash@
34 error 404 404 Not Found: angular-lodash
34 error 404
34 error 404 'angular-lodash' is not in the npm registry.
34 error 404 You should bug the author to publish it
34 error 404 It was specified as a dependency of 'opendata'
34 error 404
34 error 404 Note that you can also install from a
34 error 404 tarball, folder, or http url, or git url.
35 error System Windows_NT 6.1.7601
36 error command "C:\\Program Files\\nodejs\\\\node.exe" "C:\\Program Files\\nodejs\\node_modules\\npm\\bin\\npm-cli.js" "install" "angular-lodash" "-save"
37 error cwd C:\wamp\www\apps4gaps\Project
38 error node -v v0.10.33
39 error npm -v 1.4.28
40 error code E404
41 verbose exit [ 1, true ]
